<?xml version="1.0" encoding="UTF-8"?>
<coverage generated="1519515410583" clover="3.2.0">
  <project timestamp="1519515410583" name="All files">
    <metrics statements="96" coveredstatements="96" conditionals="68" coveredconditionals="68" methods="44" coveredmethods="44" elements="208" coveredelements="208" complexity="0" loc="96" ncloc="96" packages="4" files="24" classes="24">
      <package name="src">
        <metrics statements="17" coveredstatements="17" conditionals="0" coveredconditionals="0" methods="0" coveredmethods="0"/>
        <file name="constants.js" path="/home/just-paja/Work/redux-saga-resources/src/constants.js">
          <metrics statements="17" coveredstatements="17" conditionals="0" coveredconditionals="0" methods="0" coveredmethods="0"/>
          <line num="1" count="22" type="stmt"/>
          <line num="2" count="22" type="stmt"/>
          <line num="3" count="22" type="stmt"/>
          <line num="4" count="22" type="stmt"/>
          <line num="5" count="22" type="stmt"/>
          <line num="6" count="22" type="stmt"/>
          <line num="7" count="22" type="stmt"/>
          <line num="8" count="22" type="stmt"/>
          <line num="9" count="22" type="stmt"/>
          <line num="10" count="22" type="stmt"/>
          <line num="11" count="22" type="stmt"/>
          <line num="12" count="22" type="stmt"/>
          <line num="13" count="22" type="stmt"/>
          <line num="14" count="22" type="stmt"/>
          <line num="15" count="22" type="stmt"/>
          <line num="17" count="22" type="stmt"/>
          <line num="25" count="22" type="stmt"/>
        </file>
      </package>
      <package name="src.reducers">
        <metrics statements="22" coveredstatements="22" conditionals="20" coveredconditionals="20" methods="18" coveredmethods="18"/>
        <file name="combine.js" path="/home/just-paja/Work/redux-saga-resources/src/reducers/combine.js">
          <metrics statements="4" coveredstatements="4" conditionals="6" coveredconditionals="6" methods="2" coveredmethods="2"/>
          <line num="1" count="4" type="cond" truecount="2" falsecount="0"/>
          <line num="2" count="4" type="cond" truecount="4" falsecount="0"/>
          <line num="3" count="1" type="stmt"/>
          <line num="6" count="3" type="stmt"/>
        </file>
        <file name="fetchError.js" path="/home/just-paja/Work/redux-saga-resources/src/reducers/fetchError.js">
          <metrics statements="1" coveredstatements="1" conditionals="2" coveredconditionals="2" methods="1" coveredmethods="1"/>
          <line num="9" count="2" type="stmt"/>
        </file>
        <file name="fetchStart.js" path="/home/just-paja/Work/redux-saga-resources/src/reducers/fetchStart.js">
          <metrics statements="1" coveredstatements="1" conditionals="0" coveredconditionals="0" methods="1" coveredmethods="1"/>
          <line num="3" count="1" type="stmt"/>
        </file>
        <file name="fetchSuccess.js" path="/home/just-paja/Work/redux-saga-resources/src/reducers/fetchSuccess.js">
          <metrics statements="1" coveredstatements="1" conditionals="0" coveredconditionals="0" methods="1" coveredmethods="1"/>
          <line num="9" count="1" type="stmt"/>
        </file>
        <file name="index.js" path="/home/just-paja/Work/redux-saga-resources/src/reducers/index.js">
          <metrics statements="0" coveredstatements="0" conditionals="0" coveredconditionals="0" methods="0" coveredmethods="0"/>
        </file>
        <file name="invalidate.js" path="/home/just-paja/Work/redux-saga-resources/src/reducers/invalidate.js">
          <metrics statements="1" coveredstatements="1" conditionals="0" coveredconditionals="0" methods="1" coveredmethods="1"/>
          <line num="6" count="1" type="stmt"/>
        </file>
        <file name="invalidateOnCollectionChange.js" path="/home/just-paja/Work/redux-saga-resources/src/reducers/invalidateOnCollectionChange.js">
          <metrics statements="3" coveredstatements="3" conditionals="3" coveredconditionals="3" methods="2" coveredmethods="2"/>
          <line num="5" count="3" type="cond" truecount="1" falsecount="0"/>
          <line num="6" count="3" type="stmt"/>
          <line num="7" count="3" type="cond" truecount="2" falsecount="0"/>
        </file>
        <file name="invalidateOnResourceChange.js" path="/home/just-paja/Work/redux-saga-resources/src/reducers/invalidateOnResourceChange.js">
          <metrics statements="6" coveredstatements="6" conditionals="7" coveredconditionals="7" methods="2" coveredmethods="2"/>
          <line num="3" count="6" type="cond" truecount="1" falsecount="0"/>
          <line num="4" count="6" type="cond" truecount="2" falsecount="0"/>
          <line num="5" count="6" type="stmt"/>
          <line num="7" count="6" type="cond" truecount="4" falsecount="0"/>
          <line num="8" count="2" type="stmt"/>
          <line num="11" count="4" type="stmt"/>
        </file>
        <file name="pageReset.js" path="/home/just-paja/Work/redux-saga-resources/src/reducers/pageReset.js">
          <metrics statements="1" coveredstatements="1" conditionals="2" coveredconditionals="2" methods="1" coveredmethods="1"/>
          <line num="7" count="2" type="cond" truecount="2" falsecount="0"/>
        </file>
        <file name="pageSet.js" path="/home/just-paja/Work/redux-saga-resources/src/reducers/pageSet.js">
          <metrics statements="1" coveredstatements="1" conditionals="0" coveredconditionals="0" methods="1" coveredmethods="1"/>
          <line num="6" count="1" type="stmt"/>
        </file>
        <file name="toggle.js" path="/home/just-paja/Work/redux-saga-resources/src/reducers/toggle.js">
          <metrics statements="1" coveredstatements="1" conditionals="0" coveredconditionals="0" methods="2" coveredmethods="2"/>
          <line num="1" count="4" type="stmt"/>
        </file>
        <file name="turnOff.js" path="/home/just-paja/Work/redux-saga-resources/src/reducers/turnOff.js">
          <metrics statements="1" coveredstatements="1" conditionals="0" coveredconditionals="0" methods="2" coveredmethods="2"/>
          <line num="1" count="1" type="stmt"/>
        </file>
        <file name="turnOn.js" path="/home/just-paja/Work/redux-saga-resources/src/reducers/turnOn.js">
          <metrics statements="1" coveredstatements="1" conditionals="0" coveredconditionals="0" methods="2" coveredmethods="2"/>
          <line num="1" count="1" type="stmt"/>
        </file>
      </package>
      <package name="src.sagas">
        <metrics statements="22" coveredstatements="22" conditionals="23" coveredconditionals="23" methods="4" coveredmethods="4"/>
        <file name="fetchResource.js" path="/home/just-paja/Work/redux-saga-resources/src/sagas/fetchResource.js">
          <metrics statements="19" coveredstatements="19" conditionals="21" coveredconditionals="21" methods="3" coveredmethods="3"/>
          <line num="9" count="2" type="stmt"/>
          <line num="10" count="5" type="cond" truecount="4" falsecount="0"/>
          <line num="16" count="2" type="stmt"/>
          <line num="17" count="9" type="cond" truecount="2" falsecount="0"/>
          <line num="18" count="1" type="stmt"/>
          <line num="20" count="8" type="cond" truecount="5" falsecount="0"/>
          <line num="21" count="3" type="stmt"/>
          <line num="30" count="9" type="stmt"/>
          <line num="31" count="5" type="stmt"/>
          <line num="32" count="5" type="stmt"/>
          <line num="33" count="5" type="stmt"/>
          <line num="34" count="5" type="cond" truecount="2" falsecount="0"/>
          <line num="36" count="4" type="cond" truecount="4" falsecount="0"/>
          <line num="37" count="2" type="stmt"/>
          <line num="39" count="2" type="stmt"/>
          <line num="45" count="2" type="cond" truecount="2" falsecount="0"/>
          <line num="46" count="1" type="stmt"/>
          <line num="48" count="2" type="stmt"/>
          <line num="51" count="1" type="stmt"/>
        </file>
        <file name="fetchResourceIfRequired.js" path="/home/just-paja/Work/redux-saga-resources/src/sagas/fetchResourceIfRequired.js">
          <metrics statements="3" coveredstatements="3" conditionals="2" coveredconditionals="2" methods="1" coveredmethods="1"/>
          <line num="9" count="2" type="stmt"/>
          <line num="11" count="2" type="cond" truecount="2" falsecount="0"/>
          <line num="12" count="1" type="stmt"/>
        </file>
      </package>
      <package name="src.selectors">
        <metrics statements="35" coveredstatements="35" conditionals="25" coveredconditionals="25" methods="22" coveredmethods="22"/>
        <file name="getData.js" path="/home/just-paja/Work/redux-saga-resources/src/selectors/getData.js">
          <metrics statements="1" coveredstatements="1" conditionals="0" coveredconditionals="0" methods="1" coveredmethods="1"/>
          <line num="5" count="1" type="stmt"/>
        </file>
        <file name="getFlagValue.js" path="/home/just-paja/Work/redux-saga-resources/src/selectors/getFlagValue.js">
          <metrics statements="1" coveredstatements="1" conditionals="2" coveredconditionals="2" methods="1" coveredmethods="1"/>
          <line num="1" count="240" type="cond" truecount="2" falsecount="0"/>
        </file>
        <file name="getProgress.js" path="/home/just-paja/Work/redux-saga-resources/src/selectors/getProgress.js">
          <metrics statements="9" coveredstatements="9" conditionals="6" coveredconditionals="6" methods="6" coveredmethods="6"/>
          <line num="16" count="38" type="stmt"/>
          <line num="24" count="23" type="stmt"/>
          <line num="27" count="23" type="cond" truecount="2" falsecount="0"/>
          <line num="28" count="16" type="stmt"/>
          <line num="30" count="7" type="stmt"/>
          <line num="31" count="7" type="stmt"/>
          <line num="32" count="21" type="stmt"/>
          <line num="33" count="21" type="stmt"/>
          <line num="34" count="10" type="stmt"/>
        </file>
        <file name="getProp.js" path="/home/just-paja/Work/redux-saga-resources/src/selectors/getProp.js">
          <metrics statements="2" coveredstatements="2" conditionals="2" coveredconditionals="2" methods="2" coveredmethods="2"/>
          <line num="3" count="3" type="stmt"/>
          <line num="4" count="3" type="cond" truecount="2" falsecount="0"/>
        </file>
        <file name="getStateError.js" path="/home/just-paja/Work/redux-saga-resources/src/selectors/getStateError.js">
          <metrics statements="1" coveredstatements="1" conditionals="0" coveredconditionals="0" methods="1" coveredmethods="1"/>
          <line num="3" count="25" type="stmt"/>
        </file>
        <file name="index.js" path="/home/just-paja/Work/redux-saga-resources/src/selectors/index.js">
          <metrics statements="0" coveredstatements="0" conditionals="0" coveredconditionals="0" methods="0" coveredmethods="0"/>
        </file>
        <file name="isRequired.js" path="/home/just-paja/Work/redux-saga-resources/src/selectors/isRequired.js">
          <metrics statements="2" coveredstatements="2" conditionals="3" coveredconditionals="3" methods="2" coveredmethods="2"/>
          <line num="10" count="42" type="cond" truecount="3" falsecount="0"/>
          <line num="15" count="4" type="stmt"/>
        </file>
        <file name="transformData.js" path="/home/just-paja/Work/redux-saga-resources/src/selectors/transformData.js">
          <metrics statements="19" coveredstatements="19" conditionals="12" coveredconditionals="12" methods="9" coveredmethods="9"/>
          <line num="3" count="12" type="stmt"/>
          <line num="5" count="10" type="cond" truecount="2" falsecount="0"/>
          <line num="6" count="6" type="stmt"/>
          <line num="8" count="4" type="cond" truecount="2" falsecount="0"/>
          <line num="9" count="4" type="stmt"/>
          <line num="12" count="7" type="stmt"/>
          <line num="13" count="6" type="cond" truecount="2" falsecount="0"/>
          <line num="17" count="6" type="cond" truecount="2" falsecount="0"/>
          <line num="20" count="7" type="stmt"/>
          <line num="21" count="7" type="stmt"/>
          <line num="24" count="6" type="stmt"/>
          <line num="25" count="6" type="stmt"/>
          <line num="28" count="6" type="stmt"/>
          <line num="29" count="6" type="cond" truecount="2" falsecount="0"/>
          <line num="30" count="2" type="stmt"/>
          <line num="31" count="2" type="cond" truecount="2" falsecount="0"/>
          <line num="32" count="1" type="stmt"/>
          <line num="34" count="1" type="stmt"/>
          <line num="36" count="4" type="stmt"/>
        </file>
      </package>
    </metrics>
  </project>
</coverage>
