{"/home/just-paja/Work/redux-saga-resources/src/constants.js": {"path":"/home/just-paja/Work/redux-saga-resources/src/constants.js","statementMap":{"0":{"start":{"line":1,"column":27},"end":{"line":1,"column":33}},"1":{"start":{"line":2,"column":28},"end":{"line":2,"column":35}},"2":{"start":{"line":3,"column":30},"end":{"line":3,"column":39}},"3":{"start":{"line":4,"column":27},"end":{"line":4,"column":35}},"4":{"start":{"line":5,"column":28},"end":{"line":5,"column":37}},"5":{"start":{"line":6,"column":28},"end":{"line":6,"column":37}},"6":{"start":{"line":7,"column":29},"end":{"line":7,"column":39}},"7":{"start":{"line":8,"column":26},"end":{"line":8,"column":33}},"8":{"start":{"line":9,"column":26},"end":{"line":9,"column":32}},"9":{"start":{"line":10,"column":27},"end":{"line":10,"column":34}},"10":{"start":{"line":11,"column":32},"end":{"line":11,"column":40}},"11":{"start":{"line":12,"column":26},"end":{"line":12,"column":32}},"12":{"start":{"line":13,"column":33},"end":{"line":13,"column":45}},"13":{"start":{"line":14,"column":26},"end":{"line":14,"column":32}},"14":{"start":{"line":15,"column":27},"end":{"line":15,"column":34}},"15":{"start":{"line":17,"column":36},"end":{"line":23,"column":1}},"16":{"start":{"line":25,"column":38},"end":{"line":34,"column":1}}},"fnMap":{},"branchMap":{},"s":{"0":22,"1":22,"2":22,"3":22,"4":22,"5":22,"6":22,"7":22,"8":22,"9":22,"10":22,"11":22,"12":22,"13":22,"14":22,"15":22,"16":22},"f":{},"b":{},"_coverageSchema":"332fd63041d2c1bcb487cc26dd0d5f7d97098a6c","hash":"d5780b4ce896f7a51a1913663935ede49a28ff8c"}
,"/home/just-paja/Work/redux-saga-resources/src/reducers/combine.js": {"path":"/home/just-paja/Work/redux-saga-resources/src/reducers/combine.js","statementMap":{"0":{"start":{"line":1,"column":43},"end":{"line":7,"column":1}},"1":{"start":{"line":2,"column":2},"end":{"line":4,"column":3}},"2":{"start":{"line":3,"column":4},"end":{"line":3,"column":48}},"3":{"start":{"line":6,"column":2},"end":{"line":6,"column":15}}},"fnMap":{"0":{"name":"(anonymous_0)","decl":{"start":{"line":1,"column":15},"end":{"line":1,"column":16}},"loc":{"start":{"line":1,"column":43},"end":{"line":7,"column":1}},"line":1},"1":{"name":"(anonymous_1)","decl":{"start":{"line":1,"column":43},"end":{"line":1,"column":44}},"loc":{"start":{"line":1,"column":82},"end":{"line":7,"column":1}},"line":1}},"branchMap":{"0":{"loc":{"start":{"line":1,"column":44},"end":{"line":1,"column":64}},"type":"default-arg","locations":[{"start":{"line":1,"column":52},"end":{"line":1,"column":64}}],"line":1},"1":{"loc":{"start":{"line":1,"column":66},"end":{"line":1,"column":77}},"type":"default-arg","locations":[{"start":{"line":1,"column":75},"end":{"line":1,"column":77}}],"line":1},"2":{"loc":{"start":{"line":2,"column":2},"end":{"line":4,"column":3}},"type":"if","locations":[{"start":{"line":2,"column":2},"end":{"line":4,"column":3}},{"start":{"line":2,"column":2},"end":{"line":4,"column":3}}],"line":2},"3":{"loc":{"start":{"line":2,"column":6},"end":{"line":2,"column":66}},"type":"binary-expr","locations":[{"start":{"line":2,"column":6},"end":{"line":2,"column":17}},{"start":{"line":2,"column":22},"end":{"line":2,"column":65}}],"line":2}},"s":{"0":4,"1":4,"2":1,"3":3},"f":{"0":4,"1":4},"b":{"0":[1],"1":[1],"2":[1,3],"3":[4,2]},"_coverageSchema":"332fd63041d2c1bcb487cc26dd0d5f7d97098a6c","hash":"22fac7d135ca5d34fb3cb54a8cad0ec47dcf3c85"}
,"/home/just-paja/Work/redux-saga-resources/src/reducers/fetchError.js": {"path":"/home/just-paja/Work/redux-saga-resources/src/reducers/fetchError.js","statementMap":{"0":{"start":{"line":9,"column":35},"end":{"line":16,"column":1}}},"fnMap":{"0":{"name":"(anonymous_0)","decl":{"start":{"line":9,"column":15},"end":{"line":9,"column":16}},"loc":{"start":{"line":9,"column":35},"end":{"line":16,"column":1}},"line":9}},"branchMap":{"0":{"loc":{"start":{"line":15,"column":17},"end":{"line":15,"column":44}},"type":"binary-expr","locations":[{"start":{"line":15,"column":17},"end":{"line":15,"column":36}},{"start":{"line":15,"column":40},"end":{"line":15,"column":44}}],"line":15}},"s":{"0":2},"f":{"0":2},"b":{"0":[2,1]},"_coverageSchema":"332fd63041d2c1bcb487cc26dd0d5f7d97098a6c","hash":"592129a36334fc427c7de0d4724c90b83ae17b2d"}
,"/home/just-paja/Work/redux-saga-resources/src/reducers/fetchStart.js": {"path":"/home/just-paja/Work/redux-saga-resources/src/reducers/fetchStart.js","statementMap":{"0":{"start":{"line":3,"column":25},"end":{"line":7,"column":1}}},"fnMap":{"0":{"name":"(anonymous_0)","decl":{"start":{"line":3,"column":15},"end":{"line":3,"column":16}},"loc":{"start":{"line":3,"column":25},"end":{"line":7,"column":1}},"line":3}},"branchMap":{},"s":{"0":1},"f":{"0":1},"b":{},"_coverageSchema":"332fd63041d2c1bcb487cc26dd0d5f7d97098a6c","hash":"fa477805b79475b7a1f1387e4966e879082de8ec"}
,"/home/just-paja/Work/redux-saga-resources/src/reducers/fetchSuccess.js": {"path":"/home/just-paja/Work/redux-saga-resources/src/reducers/fetchSuccess.js","statementMap":{"0":{"start":{"line":9,"column":35},"end":{"line":16,"column":1}}},"fnMap":{"0":{"name":"(anonymous_0)","decl":{"start":{"line":9,"column":15},"end":{"line":9,"column":16}},"loc":{"start":{"line":9,"column":35},"end":{"line":16,"column":1}},"line":9}},"branchMap":{},"s":{"0":1},"f":{"0":1},"b":{},"_coverageSchema":"332fd63041d2c1bcb487cc26dd0d5f7d97098a6c","hash":"68e26b529ff2bafd32b1a592f86667ec3beea41b"}
,"/home/just-paja/Work/redux-saga-resources/src/reducers/index.js": {"path":"/home/just-paja/Work/redux-saga-resources/src/reducers/index.js","statementMap":{},"fnMap":{},"branchMap":{},"s":{},"f":{},"b":{},"_coverageSchema":"332fd63041d2c1bcb487cc26dd0d5f7d97098a6c","hash":"d10466423861174e041d08e9426d76da77d9cd21"}
,"/home/just-paja/Work/redux-saga-resources/src/reducers/invalidate.js": {"path":"/home/just-paja/Work/redux-saga-resources/src/reducers/invalidate.js","statementMap":{"0":{"start":{"line":6,"column":25},"end":{"line":10,"column":1}}},"fnMap":{"0":{"name":"(anonymous_0)","decl":{"start":{"line":6,"column":15},"end":{"line":6,"column":16}},"loc":{"start":{"line":6,"column":25},"end":{"line":10,"column":1}},"line":6}},"branchMap":{},"s":{"0":1},"f":{"0":1},"b":{},"_coverageSchema":"332fd63041d2c1bcb487cc26dd0d5f7d97098a6c","hash":"1f32bbbf065d2ee880b4f88b6b21d40bde7e8eed"}
,"/home/just-paja/Work/redux-saga-resources/src/reducers/invalidateOnCollectionChange.js": {"path":"/home/just-paja/Work/redux-saga-resources/src/reducers/invalidateOnCollectionChange.js","statementMap":{"0":{"start":{"line":5,"column":54},"end":{"line":11,"column":1}},"1":{"start":{"line":6,"column":17},"end":{"line":6,"column":86}},"2":{"start":{"line":7,"column":2},"end":{"line":10,"column":4}}},"fnMap":{"0":{"name":"(anonymous_0)","decl":{"start":{"line":5,"column":15},"end":{"line":5,"column":16}},"loc":{"start":{"line":5,"column":54},"end":{"line":11,"column":1}},"line":5},"1":{"name":"(anonymous_1)","decl":{"start":{"line":5,"column":54},"end":{"line":5,"column":55}},"loc":{"start":{"line":5,"column":73},"end":{"line":11,"column":1}},"line":5}},"branchMap":{"0":{"loc":{"start":{"line":5,"column":27},"end":{"line":5,"column":49}},"type":"default-arg","locations":[{"start":{"line":5,"column":45},"end":{"line":5,"column":49}}],"line":5},"1":{"loc":{"start":{"line":7,"column":9},"end":{"line":10,"column":3}},"type":"cond-expr","locations":[{"start":{"line":7,"column":28},"end":{"line":7,"column":33}},{"start":{"line":7,"column":36},"end":{"line":10,"column":3}}],"line":7}},"s":{"0":3,"1":3,"2":3},"f":{"0":3,"1":3},"b":{"0":[2],"1":[1,2]},"_coverageSchema":"332fd63041d2c1bcb487cc26dd0d5f7d97098a6c","hash":"c23d2db62b75663419da0ae05827c8767f767ac7"}
,"/home/just-paja/Work/redux-saga-resources/src/reducers/invalidateOnResourceChange.js": {"path":"/home/just-paja/Work/redux-saga-resources/src/reducers/invalidateOnResourceChange.js","statementMap":{"0":{"start":{"line":3,"column":54},"end":{"line":16,"column":1}},"1":{"start":{"line":4,"column":24},"end":{"line":4,"column":52}},"2":{"start":{"line":5,"column":22},"end":{"line":5,"column":43}},"3":{"start":{"line":7,"column":2},"end":{"line":9,"column":3}},"4":{"start":{"line":8,"column":4},"end":{"line":8,"column":17}},"5":{"start":{"line":11,"column":2},"end":{"line":15,"column":4}}},"fnMap":{"0":{"name":"(anonymous_0)","decl":{"start":{"line":3,"column":15},"end":{"line":3,"column":16}},"loc":{"start":{"line":3,"column":54},"end":{"line":16,"column":1}},"line":3},"1":{"name":"(anonymous_1)","decl":{"start":{"line":3,"column":54},"end":{"line":3,"column":55}},"loc":{"start":{"line":3,"column":73},"end":{"line":16,"column":1}},"line":3}},"branchMap":{"0":{"loc":{"start":{"line":3,"column":27},"end":{"line":3,"column":49}},"type":"default-arg","locations":[{"start":{"line":3,"column":45},"end":{"line":3,"column":49}}],"line":3},"1":{"loc":{"start":{"line":4,"column":24},"end":{"line":4,"column":52}},"type":"binary-expr","locations":[{"start":{"line":4,"column":24},"end":{"line":4,"column":39}},{"start":{"line":4,"column":43},"end":{"line":4,"column":52}}],"line":4},"2":{"loc":{"start":{"line":7,"column":2},"end":{"line":9,"column":3}},"type":"if","locations":[{"start":{"line":7,"column":2},"end":{"line":9,"column":3}},{"start":{"line":7,"column":2},"end":{"line":9,"column":3}}],"line":7},"3":{"loc":{"start":{"line":7,"column":6},"end":{"line":7,"column":56}},"type":"binary-expr","locations":[{"start":{"line":7,"column":6},"end":{"line":7,"column":20}},{"start":{"line":7,"column":24},"end":{"line":7,"column":56}}],"line":7}},"s":{"0":6,"1":6,"2":6,"3":6,"4":2,"5":4},"f":{"0":6,"1":6},"b":{"0":[2],"1":[6,4],"2":[2,4],"3":[6,6]},"_coverageSchema":"332fd63041d2c1bcb487cc26dd0d5f7d97098a6c","hash":"e4ba3022c1b80231585006b23d451a852ad8d885"}
,"/home/just-paja/Work/redux-saga-resources/src/reducers/pageReset.js": {"path":"/home/just-paja/Work/redux-saga-resources/src/reducers/pageReset.js","statementMap":{"0":{"start":{"line":7,"column":2},"end":{"line":11,"column":4}}},"fnMap":{"0":{"name":"(anonymous_0)","decl":{"start":{"line":6,"column":15},"end":{"line":6,"column":16}},"loc":{"start":{"line":7,"column":2},"end":{"line":11,"column":4}},"line":7}},"branchMap":{"0":{"loc":{"start":{"line":7,"column":2},"end":{"line":11,"column":4}},"type":"cond-expr","locations":[{"start":{"line":7,"column":28},"end":{"line":7,"column":33}},{"start":{"line":7,"column":37},"end":{"line":11,"column":3}}],"line":7}},"s":{"0":2},"f":{"0":2},"b":{"0":[1,1]},"_coverageSchema":"332fd63041d2c1bcb487cc26dd0d5f7d97098a6c","hash":"dbccf637715c8c8f491f4fccdbb0510410a37c57"}
,"/home/just-paja/Work/redux-saga-resources/src/reducers/pageSet.js": {"path":"/home/just-paja/Work/redux-saga-resources/src/reducers/pageSet.js","statementMap":{"0":{"start":{"line":6,"column":35},"end":{"line":10,"column":1}}},"fnMap":{"0":{"name":"(anonymous_0)","decl":{"start":{"line":6,"column":15},"end":{"line":6,"column":16}},"loc":{"start":{"line":6,"column":35},"end":{"line":10,"column":1}},"line":6}},"branchMap":{},"s":{"0":1},"f":{"0":1},"b":{},"_coverageSchema":"332fd63041d2c1bcb487cc26dd0d5f7d97098a6c","hash":"9be6b00e08c9fb8a6d49c628fa97107c43707fc4"}
,"/home/just-paja/Work/redux-saga-resources/src/reducers/toggle.js": {"path":"/home/just-paja/Work/redux-saga-resources/src/reducers/toggle.js","statementMap":{"0":{"start":{"line":1,"column":23},"end":{"line":4,"column":2}},"1":{"start":{"line":1,"column":33},"end":{"line":4,"column":1}}},"fnMap":{"0":{"name":"(anonymous_0)","decl":{"start":{"line":1,"column":15},"end":{"line":1,"column":16}},"loc":{"start":{"line":1,"column":23},"end":{"line":4,"column":2}},"line":1},"1":{"name":"(anonymous_1)","decl":{"start":{"line":1,"column":23},"end":{"line":1,"column":24}},"loc":{"start":{"line":1,"column":33},"end":{"line":4,"column":1}},"line":1}},"branchMap":{},"s":{"0":4,"1":4},"f":{"0":4,"1":4},"b":{},"_coverageSchema":"332fd63041d2c1bcb487cc26dd0d5f7d97098a6c","hash":"7b362960f75fa5cb14a19ab51f6326f04b357f56"}
,"/home/just-paja/Work/redux-saga-resources/src/reducers/turnOff.js": {"path":"/home/just-paja/Work/redux-saga-resources/src/reducers/turnOff.js","statementMap":{"0":{"start":{"line":1,"column":23},"end":{"line":4,"column":2}},"1":{"start":{"line":1,"column":33},"end":{"line":4,"column":1}}},"fnMap":{"0":{"name":"(anonymous_0)","decl":{"start":{"line":1,"column":15},"end":{"line":1,"column":16}},"loc":{"start":{"line":1,"column":23},"end":{"line":4,"column":2}},"line":1},"1":{"name":"(anonymous_1)","decl":{"start":{"line":1,"column":23},"end":{"line":1,"column":24}},"loc":{"start":{"line":1,"column":33},"end":{"line":4,"column":1}},"line":1}},"branchMap":{},"s":{"0":1,"1":1},"f":{"0":1,"1":1},"b":{},"_coverageSchema":"332fd63041d2c1bcb487cc26dd0d5f7d97098a6c","hash":"02097448ec22e85c5446d63f124100218fbf209d"}
,"/home/just-paja/Work/redux-saga-resources/src/reducers/turnOn.js": {"path":"/home/just-paja/Work/redux-saga-resources/src/reducers/turnOn.js","statementMap":{"0":{"start":{"line":1,"column":23},"end":{"line":4,"column":2}},"1":{"start":{"line":1,"column":33},"end":{"line":4,"column":1}}},"fnMap":{"0":{"name":"(anonymous_0)","decl":{"start":{"line":1,"column":15},"end":{"line":1,"column":16}},"loc":{"start":{"line":1,"column":23},"end":{"line":4,"column":2}},"line":1},"1":{"name":"(anonymous_1)","decl":{"start":{"line":1,"column":23},"end":{"line":1,"column":24}},"loc":{"start":{"line":1,"column":33},"end":{"line":4,"column":1}},"line":1}},"branchMap":{},"s":{"0":1,"1":1},"f":{"0":1,"1":1},"b":{},"_coverageSchema":"332fd63041d2c1bcb487cc26dd0d5f7d97098a6c","hash":"d687a298c8c868dee4e33d753798fb32c206b726"}
,"/home/just-paja/Work/redux-saga-resources/src/sagas/fetchResource.js": {"path":"/home/just-paja/Work/redux-saga-resources/src/sagas/fetchResource.js","statementMap":{"0":{"start":{"line":9,"column":24},"end":{"line":14,"column":1}},"1":{"start":{"line":10,"column":2},"end":{"line":13,"column":25}},"2":{"start":{"line":16,"column":29},"end":{"line":23,"column":1}},"3":{"start":{"line":17,"column":2},"end":{"line":19,"column":3}},"4":{"start":{"line":18,"column":4},"end":{"line":18,"column":77}},"5":{"start":{"line":20,"column":2},"end":{"line":22,"column":3}},"6":{"start":{"line":21,"column":4},"end":{"line":21,"column":124}},"7":{"start":{"line":30,"column":2},"end":{"line":30,"column":32}},"8":{"start":{"line":31,"column":2},"end":{"line":31,"column":60}},"9":{"start":{"line":32,"column":2},"end":{"line":52,"column":3}},"10":{"start":{"line":33,"column":16},"end":{"line":33,"column":44}},"11":{"start":{"line":34,"column":17},"end":{"line":34,"column":63}},"12":{"start":{"line":36,"column":4},"end":{"line":49,"column":5}},"13":{"start":{"line":37,"column":6},"end":{"line":37,"column":72}},"14":{"start":{"line":39,"column":27},"end":{"line":44,"column":7}},"15":{"start":{"line":45,"column":6},"end":{"line":47,"column":7}},"16":{"start":{"line":46,"column":8},"end":{"line":46,"column":36}},"17":{"start":{"line":48,"column":6},"end":{"line":48,"column":30}},"18":{"start":{"line":51,"column":4},"end":{"line":51,"column":68}}},"fnMap":{"0":{"name":"(anonymous_0)","decl":{"start":{"line":9,"column":24},"end":{"line":9,"column":25}},"loc":{"start":{"line":10,"column":2},"end":{"line":13,"column":25}},"line":10},"1":{"name":"(anonymous_1)","decl":{"start":{"line":16,"column":29},"end":{"line":16,"column":30}},"loc":{"start":{"line":16,"column":42},"end":{"line":23,"column":1}},"line":16},"2":{"name":"fetchResource","decl":{"start":{"line":25,"column":25},"end":{"line":25,"column":38}},"loc":{"start":{"line":29,"column":3},"end":{"line":53,"column":1}},"line":29}},"branchMap":{"0":{"loc":{"start":{"line":10,"column":2},"end":{"line":13,"column":25}},"type":"binary-expr","locations":[{"start":{"line":10,"column":2},"end":{"line":10,"column":10}},{"start":{"line":11,"column":2},"end":{"line":11,"column":24}},{"start":{"line":12,"column":2},"end":{"line":12,"column":25}},{"start":{"line":13,"column":2},"end":{"line":13,"column":25}}],"line":10},"1":{"loc":{"start":{"line":17,"column":2},"end":{"line":19,"column":3}},"type":"if","locations":[{"start":{"line":17,"column":2},"end":{"line":19,"column":3}},{"start":{"line":17,"column":2},"end":{"line":19,"column":3}}],"line":17},"2":{"loc":{"start":{"line":20,"column":2},"end":{"line":22,"column":3}},"type":"if","locations":[{"start":{"line":20,"column":2},"end":{"line":22,"column":3}},{"start":{"line":20,"column":2},"end":{"line":22,"column":3}}],"line":20},"3":{"loc":{"start":{"line":20,"column":6},"end":{"line":20,"column":81}},"type":"binary-expr","locations":[{"start":{"line":20,"column":6},"end":{"line":20,"column":27}},{"start":{"line":20,"column":31},"end":{"line":20,"column":53}},{"start":{"line":20,"column":57},"end":{"line":20,"column":81}}],"line":20},"4":{"loc":{"start":{"line":34,"column":23},"end":{"line":34,"column":63}},"type":"cond-expr","locations":[{"start":{"line":34,"column":46},"end":{"line":34,"column":56}},{"start":{"line":34,"column":59},"end":{"line":34,"column":63}}],"line":34},"5":{"loc":{"start":{"line":36,"column":4},"end":{"line":49,"column":5}},"type":"if","locations":[{"start":{"line":36,"column":4},"end":{"line":49,"column":5}},{"start":{"line":36,"column":4},"end":{"line":49,"column":5}}],"line":36},"6":{"loc":{"start":{"line":36,"column":8},"end":{"line":36,"column":45}},"type":"binary-expr","locations":[{"start":{"line":36,"column":8},"end":{"line":36,"column":25}},{"start":{"line":36,"column":29},"end":{"line":36,"column":45}}],"line":36},"7":{"loc":{"start":{"line":41,"column":15},"end":{"line":41,"column":32}},"type":"binary-expr","locations":[{"start":{"line":41,"column":15},"end":{"line":41,"column":24}},{"start":{"line":41,"column":28},"end":{"line":41,"column":32}}],"line":41},"8":{"loc":{"start":{"line":45,"column":6},"end":{"line":47,"column":7}},"type":"if","locations":[{"start":{"line":45,"column":6},"end":{"line":47,"column":7}},{"start":{"line":45,"column":6},"end":{"line":47,"column":7}}],"line":45}},"s":{"0":2,"1":5,"2":2,"3":9,"4":1,"5":8,"6":3,"7":9,"8":5,"9":5,"10":5,"11":5,"12":4,"13":2,"14":2,"15":2,"16":1,"17":2,"18":1},"f":{"0":5,"1":9,"2":9},"b":{"0":[5,5,4,3],"1":[1,8],"2":[3,5],"3":[8,7,6],"4":[2,3],"5":[2,2],"6":[4,3],"7":[2,2],"8":[1,1]},"_coverageSchema":"332fd63041d2c1bcb487cc26dd0d5f7d97098a6c","hash":"5c1300d420ace3e7de29d301983aec1ec3d610e3"}
,"/home/just-paja/Work/redux-saga-resources/src/sagas/fetchResourceIfRequired.js": {"path":"/home/just-paja/Work/redux-saga-resources/src/sagas/fetchResourceIfRequired.js","statementMap":{"0":{"start":{"line":9,"column":22},"end":{"line":9,"column":46}},"1":{"start":{"line":11,"column":2},"end":{"line":15,"column":3}},"2":{"start":{"line":12,"column":4},"end":{"line":14,"column":7}}},"fnMap":{"0":{"name":"fetchResourceIfRequired","decl":{"start":{"line":5,"column":25},"end":{"line":5,"column":48}},"loc":{"start":{"line":8,"column":3},"end":{"line":16,"column":1}},"line":8}},"branchMap":{"0":{"loc":{"start":{"line":11,"column":2},"end":{"line":15,"column":3}},"type":"if","locations":[{"start":{"line":11,"column":2},"end":{"line":15,"column":3}},{"start":{"line":11,"column":2},"end":{"line":15,"column":3}}],"line":11}},"s":{"0":2,"1":2,"2":1},"f":{"0":2},"b":{"0":[1,1]},"_coverageSchema":"332fd63041d2c1bcb487cc26dd0d5f7d97098a6c","hash":"379c240cb28d9b916e6bd28702dc384983de0b79"}
,"/home/just-paja/Work/redux-saga-resources/src/selectors/getData.js": {"path":"/home/just-paja/Work/redux-saga-resources/src/selectors/getData.js","statementMap":{"0":{"start":{"line":5,"column":27},"end":{"line":5,"column":56}}},"fnMap":{"0":{"name":"(anonymous_0)","decl":{"start":{"line":5,"column":15},"end":{"line":5,"column":16}},"loc":{"start":{"line":5,"column":27},"end":{"line":5,"column":56}},"line":5}},"branchMap":{},"s":{"0":1},"f":{"0":1},"b":{},"_coverageSchema":"332fd63041d2c1bcb487cc26dd0d5f7d97098a6c","hash":"2ca267f6d91e4e7ba95ed7e8f99cf7c19d918eb1"}
,"/home/just-paja/Work/redux-saga-resources/src/selectors/getFlagValue.js": {"path":"/home/just-paja/Work/redux-saga-resources/src/selectors/getFlagValue.js","statementMap":{"0":{"start":{"line":1,"column":33},"end":{"line":1,"column":62}}},"fnMap":{"0":{"name":"(anonymous_0)","decl":{"start":{"line":1,"column":15},"end":{"line":1,"column":16}},"loc":{"start":{"line":1,"column":33},"end":{"line":1,"column":62}},"line":1}},"branchMap":{"0":{"loc":{"start":{"line":1,"column":33},"end":{"line":1,"column":62}},"type":"cond-expr","locations":[{"start":{"line":1,"column":41},"end":{"line":1,"column":54}},{"start":{"line":1,"column":57},"end":{"line":1,"column":62}}],"line":1}},"s":{"0":240},"f":{"0":240},"b":{"0":[237,3]},"_coverageSchema":"332fd63041d2c1bcb487cc26dd0d5f7d97098a6c","hash":"a361506f00d0a1743bdf2005173ad05d3bc42b43"}
,"/home/just-paja/Work/redux-saga-resources/src/selectors/getProgress.js": {"path":"/home/just-paja/Work/redux-saga-resources/src/selectors/getProgress.js","statementMap":{"0":{"start":{"line":16,"column":31},"end":{"line":22,"column":2}},"1":{"start":{"line":16,"column":41},"end":{"line":22,"column":1}},"2":{"start":{"line":24,"column":33},"end":{"line":39,"column":4}},"3":{"start":{"line":27,"column":4},"end":{"line":29,"column":5}},"4":{"start":{"line":28,"column":6},"end":{"line":28,"column":47}},"5":{"start":{"line":30,"column":24},"end":{"line":30,"column":58}},"6":{"start":{"line":31,"column":4},"end":{"line":38,"column":6}},"7":{"start":{"line":32,"column":47},"end":{"line":32,"column":79}},"8":{"start":{"line":33,"column":48},"end":{"line":33,"column":81}},"9":{"start":{"line":34,"column":47},"end":{"line":34,"column":78}}},"fnMap":{"0":{"name":"(anonymous_0)","decl":{"start":{"line":16,"column":31},"end":{"line":16,"column":32}},"loc":{"start":{"line":16,"column":41},"end":{"line":22,"column":1}},"line":16},"1":{"name":"(anonymous_1)","decl":{"start":{"line":24,"column":15},"end":{"line":24,"column":16}},"loc":{"start":{"line":24,"column":33},"end":{"line":39,"column":4}},"line":24},"2":{"name":"(anonymous_2)","decl":{"start":{"line":26,"column":2},"end":{"line":26,"column":3}},"loc":{"start":{"line":26,"column":17},"end":{"line":39,"column":3}},"line":26},"3":{"name":"(anonymous_3)","decl":{"start":{"line":32,"column":38},"end":{"line":32,"column":39}},"loc":{"start":{"line":32,"column":47},"end":{"line":32,"column":79}},"line":32},"4":{"name":"(anonymous_4)","decl":{"start":{"line":33,"column":39},"end":{"line":33,"column":40}},"loc":{"start":{"line":33,"column":48},"end":{"line":33,"column":81}},"line":33},"5":{"name":"(anonymous_5)","decl":{"start":{"line":34,"column":38},"end":{"line":34,"column":39}},"loc":{"start":{"line":34,"column":47},"end":{"line":34,"column":78}},"line":34}},"branchMap":{"0":{"loc":{"start":{"line":21,"column":17},"end":{"line":21,"column":58}},"type":"cond-expr","locations":[{"start":{"line":21,"column":25},"end":{"line":21,"column":51}},{"start":{"line":21,"column":54},"end":{"line":21,"column":58}}],"line":21},"1":{"loc":{"start":{"line":21,"column":25},"end":{"line":21,"column":51}},"type":"binary-expr","locations":[{"start":{"line":21,"column":25},"end":{"line":21,"column":43}},{"start":{"line":21,"column":47},"end":{"line":21,"column":51}}],"line":21},"2":{"loc":{"start":{"line":27,"column":4},"end":{"line":29,"column":5}},"type":"if","locations":[{"start":{"line":27,"column":4},"end":{"line":29,"column":5}},{"start":{"line":27,"column":4},"end":{"line":29,"column":5}}],"line":27}},"s":{"0":7,"1":38,"2":23,"3":23,"4":16,"5":7,"6":7,"7":21,"8":21,"9":10},"f":{"0":38,"1":23,"2":23,"3":21,"4":21,"5":10},"b":{"0":[37,1],"1":[37,34],"2":[16,7]},"_coverageSchema":"332fd63041d2c1bcb487cc26dd0d5f7d97098a6c","hash":"5fa8a4869e733044ead1bd019a1460dd14bf8b59"}
,"/home/just-paja/Work/redux-saga-resources/src/selectors/getProp.js": {"path":"/home/just-paja/Work/redux-saga-resources/src/selectors/getProp.js","statementMap":{"0":{"start":{"line":3,"column":35},"end":{"line":5,"column":2}},"1":{"start":{"line":4,"column":2},"end":{"line":4,"column":28}}},"fnMap":{"0":{"name":"(anonymous_0)","decl":{"start":{"line":3,"column":15},"end":{"line":3,"column":16}},"loc":{"start":{"line":3,"column":35},"end":{"line":5,"column":2}},"line":3},"1":{"name":"(anonymous_1)","decl":{"start":{"line":3,"column":60},"end":{"line":3,"column":61}},"loc":{"start":{"line":4,"column":2},"end":{"line":4,"column":28}},"line":4}},"branchMap":{"0":{"loc":{"start":{"line":4,"column":2},"end":{"line":4,"column":28}},"type":"cond-expr","locations":[{"start":{"line":4,"column":10},"end":{"line":4,"column":21}},{"start":{"line":4,"column":24},"end":{"line":4,"column":28}}],"line":4}},"s":{"0":3,"1":3},"f":{"0":3,"1":3},"b":{"0":[2,1]},"_coverageSchema":"332fd63041d2c1bcb487cc26dd0d5f7d97098a6c","hash":"c3ddad245cd7a19bcebf950a74955147d23bb36a"}
,"/home/just-paja/Work/redux-saga-resources/src/selectors/getStateError.js": {"path":"/home/just-paja/Work/redux-saga-resources/src/selectors/getStateError.js","statementMap":{"0":{"start":{"line":3,"column":24},"end":{"line":3,"column":42}}},"fnMap":{"0":{"name":"(anonymous_0)","decl":{"start":{"line":3,"column":15},"end":{"line":3,"column":16}},"loc":{"start":{"line":3,"column":24},"end":{"line":3,"column":42}},"line":3}},"branchMap":{},"s":{"0":25},"f":{"0":25},"b":{},"_coverageSchema":"332fd63041d2c1bcb487cc26dd0d5f7d97098a6c","hash":"8f67447926466c5b5c6f92a89785541034ae5ce4"}
,"/home/just-paja/Work/redux-saga-resources/src/selectors/index.js": {"path":"/home/just-paja/Work/redux-saga-resources/src/selectors/index.js","statementMap":{},"fnMap":{},"branchMap":{},"s":{},"f":{},"b":{},"_coverageSchema":"332fd63041d2c1bcb487cc26dd0d5f7d97098a6c","hash":"51e5bf16f6f2b21b6114a16db4447bc7e83a6226"}
,"/home/just-paja/Work/redux-saga-resources/src/selectors/isRequired.js": {"path":"/home/just-paja/Work/redux-saga-resources/src/selectors/isRequired.js","statementMap":{"0":{"start":{"line":10,"column":31},"end":{"line":13,"column":1}},"1":{"start":{"line":10,"column":40},"end":{"line":13,"column":1}},"2":{"start":{"line":15,"column":27},"end":{"line":15,"column":68}}},"fnMap":{"0":{"name":"(anonymous_0)","decl":{"start":{"line":10,"column":31},"end":{"line":10,"column":32}},"loc":{"start":{"line":10,"column":40},"end":{"line":13,"column":1}},"line":10},"1":{"name":"(anonymous_1)","decl":{"start":{"line":15,"column":15},"end":{"line":15,"column":16}},"loc":{"start":{"line":15,"column":27},"end":{"line":15,"column":68}},"line":15}},"branchMap":{"0":{"loc":{"start":{"line":10,"column":40},"end":{"line":13,"column":1}},"type":"binary-expr","locations":[{"start":{"line":10,"column":40},"end":{"line":10,"column":45}},{"start":{"line":11,"column":2},"end":{"line":11,"column":34}},{"start":{"line":12,"column":2},"end":{"line":12,"column":36}}],"line":10}},"s":{"0":7,"1":42,"2":4},"f":{"0":42,"1":4},"b":{"0":[42,41,31]},"_coverageSchema":"332fd63041d2c1bcb487cc26dd0d5f7d97098a6c","hash":"b6ee8f97c184a3b81ac1881fa220b0c1621c1423"}
,"/home/just-paja/Work/redux-saga-resources/src/selectors/transformData.js": {"path":"/home/just-paja/Work/redux-saga-resources/src/selectors/transformData.js","statementMap":{"0":{"start":{"line":3,"column":22},"end":{"line":10,"column":10}},"1":{"start":{"line":3,"column":46},"end":{"line":10,"column":10}},"2":{"start":{"line":3,"column":54},"end":{"line":10,"column":10}},"3":{"start":{"line":5,"column":4},"end":{"line":7,"column":5}},"4":{"start":{"line":6,"column":6},"end":{"line":6,"column":31}},"5":{"start":{"line":8,"column":33},"end":{"line":8,"column":73}},"6":{"start":{"line":9,"column":4},"end":{"line":9,"column":61}},"7":{"start":{"line":12,"column":27},"end":{"line":18,"column":1}},"8":{"start":{"line":13,"column":27},"end":{"line":15,"column":33}},"9":{"start":{"line":17,"column":2},"end":{"line":17,"column":31}},"10":{"start":{"line":20,"column":32},"end":{"line":21,"column":97}},"11":{"start":{"line":21,"column":2},"end":{"line":21,"column":97}},"12":{"start":{"line":21,"column":37},"end":{"line":21,"column":57}},"13":{"start":{"line":21,"column":78},"end":{"line":21,"column":96}},"14":{"start":{"line":24,"column":23},"end":{"line":24,"column":50}},"15":{"start":{"line":25,"column":2},"end":{"line":38,"column":4}},"16":{"start":{"line":28,"column":24},"end":{"line":28,"column":71}},"17":{"start":{"line":29,"column":6},"end":{"line":35,"column":7}},"18":{"start":{"line":30,"column":33},"end":{"line":30,"column":58}},"19":{"start":{"line":31,"column":8},"end":{"line":33,"column":9}},"20":{"start":{"line":32,"column":10},"end":{"line":32,"column":53}},"21":{"start":{"line":34,"column":8},"end":{"line":34,"column":32}},"22":{"start":{"line":36,"column":6},"end":{"line":36,"column":35}}},"fnMap":{"0":{"name":"(anonymous_0)","decl":{"start":{"line":3,"column":22},"end":{"line":3,"column":23}},"loc":{"start":{"line":3,"column":46},"end":{"line":10,"column":10}},"line":3},"1":{"name":"(anonymous_1)","decl":{"start":{"line":3,"column":46},"end":{"line":3,"column":47}},"loc":{"start":{"line":3,"column":54},"end":{"line":10,"column":10}},"line":3},"2":{"name":"(anonymous_2)","decl":{"start":{"line":4,"column":2},"end":{"line":4,"column":3}},"loc":{"start":{"line":4,"column":25},"end":{"line":10,"column":3}},"line":4},"3":{"name":"(anonymous_3)","decl":{"start":{"line":12,"column":27},"end":{"line":12,"column":28}},"loc":{"start":{"line":12,"column":49},"end":{"line":18,"column":1}},"line":12},"4":{"name":"(anonymous_4)","decl":{"start":{"line":20,"column":32},"end":{"line":20,"column":33}},"loc":{"start":{"line":21,"column":2},"end":{"line":21,"column":97}},"line":21},"5":{"name":"(anonymous_5)","decl":{"start":{"line":21,"column":22},"end":{"line":21,"column":23}},"loc":{"start":{"line":21,"column":37},"end":{"line":21,"column":57}},"line":21},"6":{"name":"(anonymous_6)","decl":{"start":{"line":21,"column":63},"end":{"line":21,"column":64}},"loc":{"start":{"line":21,"column":78},"end":{"line":21,"column":96}},"line":21},"7":{"name":"(anonymous_7)","decl":{"start":{"line":23,"column":15},"end":{"line":23,"column":16}},"loc":{"start":{"line":23,"column":38},"end":{"line":39,"column":1}},"line":23},"8":{"name":"(anonymous_8)","decl":{"start":{"line":27,"column":4},"end":{"line":27,"column":5}},"loc":{"start":{"line":27,"column":38},"end":{"line":37,"column":5}},"line":27}},"branchMap":{"0":{"loc":{"start":{"line":5,"column":4},"end":{"line":7,"column":5}},"type":"if","locations":[{"start":{"line":5,"column":4},"end":{"line":7,"column":5}},{"start":{"line":5,"column":4},"end":{"line":7,"column":5}}],"line":5},"1":{"loc":{"start":{"line":8,"column":33},"end":{"line":8,"column":73}},"type":"cond-expr","locations":[{"start":{"line":8,"column":54},"end":{"line":8,"column":66}},{"start":{"line":8,"column":69},"end":{"line":8,"column":73}}],"line":8},"2":{"loc":{"start":{"line":13,"column":27},"end":{"line":15,"column":33}},"type":"cond-expr","locations":[{"start":{"line":14,"column":4},"end":{"line":14,"column":20}},{"start":{"line":15,"column":4},"end":{"line":15,"column":33}}],"line":13},"3":{"loc":{"start":{"line":17,"column":9},"end":{"line":17,"column":30}},"type":"binary-expr","locations":[{"start":{"line":17,"column":9},"end":{"line":17,"column":24}},{"start":{"line":17,"column":28},"end":{"line":17,"column":30}}],"line":17},"4":{"loc":{"start":{"line":29,"column":6},"end":{"line":35,"column":7}},"type":"if","locations":[{"start":{"line":29,"column":6},"end":{"line":35,"column":7}},{"start":{"line":29,"column":6},"end":{"line":35,"column":7}}],"line":29},"5":{"loc":{"start":{"line":31,"column":8},"end":{"line":33,"column":9}},"type":"if","locations":[{"start":{"line":31,"column":8},"end":{"line":33,"column":9}},{"start":{"line":31,"column":8},"end":{"line":33,"column":9}}],"line":31}},"s":{"0":7,"1":6,"2":12,"3":10,"4":6,"5":4,"6":4,"7":7,"8":6,"9":6,"10":7,"11":6,"12":7,"13":3,"14":6,"15":6,"16":6,"17":6,"18":2,"19":2,"20":1,"21":1,"22":4},"f":{"0":6,"1":12,"2":10,"3":6,"4":6,"5":7,"6":3,"7":6,"8":6},"b":{"0":[6,4],"1":[3,1],"2":[4,2],"3":[6,1],"4":[2,4],"5":[1,1]},"_coverageSchema":"332fd63041d2c1bcb487cc26dd0d5f7d97098a6c","hash":"8eaaefc6eeefe93520f43489b0ee531c2380f05c"}
}
