TN:
SF:/home/just-paja/Work/redux-saga-resources/src/constants.js
FNF:0
FNH:0
DA:1,22
DA:2,22
DA:3,22
DA:4,22
DA:5,22
DA:6,22
DA:7,22
DA:8,22
DA:9,22
DA:10,22
DA:11,22
DA:12,22
DA:13,22
DA:14,22
DA:15,22
DA:17,22
DA:25,22
LF:17
LH:17
BRF:0
BRH:0
end_of_record
TN:
SF:/home/just-paja/Work/redux-saga-resources/src/reducers/combine.js
FN:1,(anonymous_0)
FN:1,(anonymous_1)
FNF:2
FNH:2
FNDA:4,(anonymous_0)
FNDA:4,(anonymous_1)
DA:1,4
DA:2,4
DA:3,1
DA:6,3
LF:4
LH:4
BRDA:1,0,0,1
BRDA:1,1,0,1
BRDA:2,2,0,1
BRDA:2,2,1,3
BRDA:2,3,0,4
BRDA:2,3,1,2
BRF:6
BRH:6
end_of_record
TN:
SF:/home/just-paja/Work/redux-saga-resources/src/reducers/fetchError.js
FN:9,(anonymous_0)
FNF:1
FNH:1
FNDA:2,(anonymous_0)
DA:9,2
LF:1
LH:1
BRDA:15,0,0,2
BRDA:15,0,1,1
BRF:2
BRH:2
end_of_record
TN:
SF:/home/just-paja/Work/redux-saga-resources/src/reducers/fetchStart.js
FN:3,(anonymous_0)
FNF:1
FNH:1
FNDA:1,(anonymous_0)
DA:3,1
LF:1
LH:1
BRF:0
BRH:0
end_of_record
TN:
SF:/home/just-paja/Work/redux-saga-resources/src/reducers/fetchSuccess.js
FN:9,(anonymous_0)
FNF:1
FNH:1
FNDA:1,(anonymous_0)
DA:9,1
LF:1
LH:1
BRF:0
BRH:0
end_of_record
TN:
SF:/home/just-paja/Work/redux-saga-resources/src/reducers/index.js
FNF:0
FNH:0
LF:0
LH:0
BRF:0
BRH:0
end_of_record
TN:
SF:/home/just-paja/Work/redux-saga-resources/src/reducers/invalidate.js
FN:6,(anonymous_0)
FNF:1
FNH:1
FNDA:1,(anonymous_0)
DA:6,1
LF:1
LH:1
BRF:0
BRH:0
end_of_record
TN:
SF:/home/just-paja/Work/redux-saga-resources/src/reducers/invalidateOnCollectionChange.js
FN:5,(anonymous_0)
FN:5,(anonymous_1)
FNF:2
FNH:2
FNDA:3,(anonymous_0)
FNDA:3,(anonymous_1)
DA:5,3
DA:6,3
DA:7,3
LF:3
LH:3
BRDA:5,0,0,2
BRDA:7,1,0,1
BRDA:7,1,1,2
BRF:3
BRH:3
end_of_record
TN:
SF:/home/just-paja/Work/redux-saga-resources/src/reducers/invalidateOnResourceChange.js
FN:3,(anonymous_0)
FN:3,(anonymous_1)
FNF:2
FNH:2
FNDA:6,(anonymous_0)
FNDA:6,(anonymous_1)
DA:3,6
DA:4,6
DA:5,6
DA:7,6
DA:8,2
DA:11,4
LF:6
LH:6
BRDA:3,0,0,2
BRDA:4,1,0,6
BRDA:4,1,1,4
BRDA:7,2,0,2
BRDA:7,2,1,4
BRDA:7,3,0,6
BRDA:7,3,1,6
BRF:7
BRH:7
end_of_record
TN:
SF:/home/just-paja/Work/redux-saga-resources/src/reducers/pageReset.js
FN:6,(anonymous_0)
FNF:1
FNH:1
FNDA:2,(anonymous_0)
DA:7,2
LF:1
LH:1
BRDA:7,0,0,1
BRDA:7,0,1,1
BRF:2
BRH:2
end_of_record
TN:
SF:/home/just-paja/Work/redux-saga-resources/src/reducers/pageSet.js
FN:6,(anonymous_0)
FNF:1
FNH:1
FNDA:1,(anonymous_0)
DA:6,1
LF:1
LH:1
BRF:0
BRH:0
end_of_record
TN:
SF:/home/just-paja/Work/redux-saga-resources/src/reducers/toggle.js
FN:1,(anonymous_0)
FN:1,(anonymous_1)
FNF:2
FNH:2
FNDA:4,(anonymous_0)
FNDA:4,(anonymous_1)
DA:1,4
LF:1
LH:1
BRF:0
BRH:0
end_of_record
TN:
SF:/home/just-paja/Work/redux-saga-resources/src/reducers/turnOff.js
FN:1,(anonymous_0)
FN:1,(anonymous_1)
FNF:2
FNH:2
FNDA:1,(anonymous_0)
FNDA:1,(anonymous_1)
DA:1,1
LF:1
LH:1
BRF:0
BRH:0
end_of_record
TN:
SF:/home/just-paja/Work/redux-saga-resources/src/reducers/turnOn.js
FN:1,(anonymous_0)
FN:1,(anonymous_1)
FNF:2
FNH:2
FNDA:1,(anonymous_0)
FNDA:1,(anonymous_1)
DA:1,1
LF:1
LH:1
BRF:0
BRH:0
end_of_record
TN:
SF:/home/just-paja/Work/redux-saga-resources/src/sagas/fetchResource.js
FN:9,(anonymous_0)
FN:16,(anonymous_1)
FN:25,fetchResource
FNF:3
FNH:3
FNDA:5,(anonymous_0)
FNDA:9,(anonymous_1)
FNDA:9,fetchResource
DA:9,2
DA:10,5
DA:16,2
DA:17,9
DA:18,1
DA:20,8
DA:21,3
DA:30,9
DA:31,5
DA:32,5
DA:33,5
DA:34,5
DA:36,4
DA:37,2
DA:39,2
DA:45,2
DA:46,1
DA:48,2
DA:51,1
LF:19
LH:19
BRDA:10,0,0,5
BRDA:10,0,1,5
BRDA:10,0,2,4
BRDA:10,0,3,3
BRDA:17,1,0,1
BRDA:17,1,1,8
BRDA:20,2,0,3
BRDA:20,2,1,5
BRDA:20,3,0,8
BRDA:20,3,1,7
BRDA:20,3,2,6
BRDA:34,4,0,2
BRDA:34,4,1,3
BRDA:36,5,0,2
BRDA:36,5,1,2
BRDA:36,6,0,4
BRDA:36,6,1,3
BRDA:41,7,0,2
BRDA:41,7,1,2
BRDA:45,8,0,1
BRDA:45,8,1,1
BRF:21
BRH:21
end_of_record
TN:
SF:/home/just-paja/Work/redux-saga-resources/src/sagas/fetchResourceIfRequired.js
FN:5,fetchResourceIfRequired
FNF:1
FNH:1
FNDA:2,fetchResourceIfRequired
DA:9,2
DA:11,2
DA:12,1
LF:3
LH:3
BRDA:11,0,0,1
BRDA:11,0,1,1
BRF:2
BRH:2
end_of_record
TN:
SF:/home/just-paja/Work/redux-saga-resources/src/selectors/getData.js
FN:5,(anonymous_0)
FNF:1
FNH:1
FNDA:1,(anonymous_0)
DA:5,1
LF:1
LH:1
BRF:0
BRH:0
end_of_record
TN:
SF:/home/just-paja/Work/redux-saga-resources/src/selectors/getFlagValue.js
FN:1,(anonymous_0)
FNF:1
FNH:1
FNDA:240,(anonymous_0)
DA:1,240
LF:1
LH:1
BRDA:1,0,0,237
BRDA:1,0,1,3
BRF:2
BRH:2
end_of_record
TN:
SF:/home/just-paja/Work/redux-saga-resources/src/selectors/getProgress.js
FN:16,(anonymous_0)
FN:24,(anonymous_1)
FN:26,(anonymous_2)
FN:32,(anonymous_3)
FN:33,(anonymous_4)
FN:34,(anonymous_5)
FNF:6
FNH:6
FNDA:38,(anonymous_0)
FNDA:23,(anonymous_1)
FNDA:23,(anonymous_2)
FNDA:21,(anonymous_3)
FNDA:21,(anonymous_4)
FNDA:10,(anonymous_5)
DA:16,38
DA:24,23
DA:27,23
DA:28,16
DA:30,7
DA:31,7
DA:32,21
DA:33,21
DA:34,10
LF:9
LH:9
BRDA:21,0,0,37
BRDA:21,0,1,1
BRDA:21,1,0,37
BRDA:21,1,1,34
BRDA:27,2,0,16
BRDA:27,2,1,7
BRF:6
BRH:6
end_of_record
TN:
SF:/home/just-paja/Work/redux-saga-resources/src/selectors/getProp.js
FN:3,(anonymous_0)
FN:3,(anonymous_1)
FNF:2
FNH:2
FNDA:3,(anonymous_0)
FNDA:3,(anonymous_1)
DA:3,3
DA:4,3
LF:2
LH:2
BRDA:4,0,0,2
BRDA:4,0,1,1
BRF:2
BRH:2
end_of_record
TN:
SF:/home/just-paja/Work/redux-saga-resources/src/selectors/getStateError.js
FN:3,(anonymous_0)
FNF:1
FNH:1
FNDA:25,(anonymous_0)
DA:3,25
LF:1
LH:1
BRF:0
BRH:0
end_of_record
TN:
SF:/home/just-paja/Work/redux-saga-resources/src/selectors/index.js
FNF:0
FNH:0
LF:0
LH:0
BRF:0
BRH:0
end_of_record
TN:
SF:/home/just-paja/Work/redux-saga-resources/src/selectors/isRequired.js
FN:10,(anonymous_0)
FN:15,(anonymous_1)
FNF:2
FNH:2
FNDA:42,(anonymous_0)
FNDA:4,(anonymous_1)
DA:10,42
DA:15,4
LF:2
LH:2
BRDA:10,0,0,42
BRDA:10,0,1,41
BRDA:10,0,2,31
BRF:3
BRH:3
end_of_record
TN:
SF:/home/just-paja/Work/redux-saga-resources/src/selectors/transformData.js
FN:3,(anonymous_0)
FN:3,(anonymous_1)
FN:4,(anonymous_2)
FN:12,(anonymous_3)
FN:20,(anonymous_4)
FN:21,(anonymous_5)
FN:21,(anonymous_6)
FN:23,(anonymous_7)
FN:27,(anonymous_8)
FNF:9
FNH:9
FNDA:6,(anonymous_0)
FNDA:12,(anonymous_1)
FNDA:10,(anonymous_2)
FNDA:6,(anonymous_3)
FNDA:6,(anonymous_4)
FNDA:7,(anonymous_5)
FNDA:3,(anonymous_6)
FNDA:6,(anonymous_7)
FNDA:6,(anonymous_8)
DA:3,12
DA:5,10
DA:6,6
DA:8,4
DA:9,4
DA:12,7
DA:13,6
DA:17,6
DA:20,7
DA:21,7
DA:24,6
DA:25,6
DA:28,6
DA:29,6
DA:30,2
DA:31,2
DA:32,1
DA:34,1
DA:36,4
LF:19
LH:19
BRDA:5,0,0,6
BRDA:5,0,1,4
BRDA:8,1,0,3
BRDA:8,1,1,1
BRDA:13,2,0,4
BRDA:13,2,1,2
BRDA:17,3,0,6
BRDA:17,3,1,1
BRDA:29,4,0,2
BRDA:29,4,1,4
BRDA:31,5,0,1
BRDA:31,5,1,1
BRF:12
BRH:12
end_of_record
